Determining if the pthread_create exist failed with the following output:
Change Dir: /home/dp/DP_ws/build/CMakeFiles/CMakeTmp

Run Build Command:"/usr/bin/make" "cmTC_a655e/fast"
/usr/bin/make -f CMakeFiles/cmTC_a655e.dir/build.make CMakeFiles/cmTC_a655e.dir/build
make[1]: Entering directory '/home/dp/DP_ws/build/CMakeFiles/CMakeTmp'
Building C object CMakeFiles/cmTC_a655e.dir/CheckSymbolExists.c.o
/usr/bin/cc    -o CMakeFiles/cmTC_a655e.dir/CheckSymbolExists.c.o   -c /home/dp/DP_ws/build/CMakeFiles/CMakeTmp/CheckSymbolExists.c
Linking C executable cmTC_a655e
/usr/bin/cmake -E cmake_link_script CMakeFiles/cmTC_a655e.dir/link.txt --verbose=1
/usr/bin/cc      -rdynamic CMakeFiles/cmTC_a655e.dir/CheckSymbolExists.c.o  -o cmTC_a655e 
CMakeFiles/cmTC_a655e.dir/CheckSymbolExists.c.o: In function `main':
CheckSymbolExists.c:(.text+0x1b): undefined reference to `pthread_create'
collect2: error: ld returned 1 exit status
CMakeFiles/cmTC_a655e.dir/build.make:97: recipe for target 'cmTC_a655e' failed
make[1]: *** [cmTC_a655e] Error 1
make[1]: Leaving directory '/home/dp/DP_ws/build/CMakeFiles/CMakeTmp'
Makefile:126: recipe for target 'cmTC_a655e/fast' failed
make: *** [cmTC_a655e/fast] Error 2

File /home/dp/DP_ws/build/CMakeFiles/CMakeTmp/CheckSymbolExists.c:
/* */
#include <pthread.h>

int main(int argc, char** argv)
{
  (void)argv;
#ifndef pthread_create
  return ((int*)(&pthread_create))[argc];
#else
  (void)argc;
  return 0;
#endif
}

Determining if the function pthread_create exists in the pthreads failed with the following output:
Change Dir: /home/dp/DP_ws/build/CMakeFiles/CMakeTmp

Run Build Command:"/usr/bin/make" "cmTC_63c86/fast"
/usr/bin/make -f CMakeFiles/cmTC_63c86.dir/build.make CMakeFiles/cmTC_63c86.dir/build
make[1]: Entering directory '/home/dp/DP_ws/build/CMakeFiles/CMakeTmp'
Building C object CMakeFiles/cmTC_63c86.dir/CheckFunctionExists.c.o
/usr/bin/cc   -DCHECK_FUNCTION_EXISTS=pthread_create   -o CMakeFiles/cmTC_63c86.dir/CheckFunctionExists.c.o   -c /usr/share/cmake-3.10/Modules/CheckFunctionExists.c
Linking C executable cmTC_63c86
/usr/bin/cmake -E cmake_link_script CMakeFiles/cmTC_63c86.dir/link.txt --verbose=1
/usr/bin/cc  -DCHECK_FUNCTION_EXISTS=pthread_create    -rdynamic CMakeFiles/cmTC_63c86.dir/CheckFunctionExists.c.o  -o cmTC_63c86 -lpthreads 
/usr/bin/ld: cannot find -lpthreads
collect2: error: ld returned 1 exit status
CMakeFiles/cmTC_63c86.dir/build.make:97: recipe for target 'cmTC_63c86' failed
make[1]: *** [cmTC_63c86] Error 1
make[1]: Leaving directory '/home/dp/DP_ws/build/CMakeFiles/CMakeTmp'
Makefile:126: recipe for target 'cmTC_63c86/fast' failed
make: *** [cmTC_63c86/fast] Error 2


